000 (450279.000.000) 10/04 12:47:56 Job submitted from host: <131.225.191.215:41943>
...
001 (450279.000.000) 10/04 12:48:09 Job executing on host: <131.225.190.16:46762>
...
006 (450279.000.000) 10/04 12:48:17 Image size of job updated: 1
	3  -  MemoryUsage of job (MB)
	2100  -  ResidentSetSize of job (KB)
...
006 (450279.000.000) 10/04 12:49:17 Image size of job updated: 264052
	149  -  MemoryUsage of job (MB)
	151848  -  ResidentSetSize of job (KB)
...
006 (450279.000.000) 10/04 15:47:34 Image size of job updated: 265568
	149  -  MemoryUsage of job (MB)
	151848  -  ResidentSetSize of job (KB)
...
005 (450279.000.000) 10/04 15:48:31 Job terminated.
	(1) Normal termination (return value 0)
		Usr 0 02:59:01, Sys 0 00:00:08  -  Run Remote Usage
		Usr 0 00:00:00, Sys 0 00:00:00  -  Run Local Usage
		Usr 0 02:59:01, Sys 0 00:00:08  -  Total Remote Usage
		Usr 0 00:00:00, Sys 0 00:00:00  -  Total Local Usage
	624  -  Run Bytes Sent By Job
	10787063  -  Run Bytes Received By Job
	624  -  Total Bytes Sent By Job
	10787063  -  Total Bytes Received By Job
	Partitionable Resources :    Usage  Request          
	   Cpus                 :                 1          
	   Disk (KB)            :    14928    14928          
	   Memory (MB)          :      149      149          
...
