000 (454436.000.000) 10/12 13:06:25 Job submitted from host: <131.225.191.196:34826>
...
001 (454436.000.000) 10/12 13:06:33 Job executing on host: <131.225.190.0:54591>
...
006 (454436.000.000) 10/12 13:06:41 Image size of job updated: 1
	3  -  MemoryUsage of job (MB)
	2096  -  ResidentSetSize of job (KB)
...
006 (454436.000.000) 10/12 13:07:41 Image size of job updated: 281456
	144  -  MemoryUsage of job (MB)
	146452  -  ResidentSetSize of job (KB)
...
006 (454436.000.000) 10/12 15:08:04 Image size of job updated: 283188
	144  -  MemoryUsage of job (MB)
	146452  -  ResidentSetSize of job (KB)
...
005 (454436.000.000) 10/12 15:08:31 Job terminated.
	(1) Normal termination (return value 0)
		Usr 0 02:00:44, Sys 0 00:00:08  -  Run Remote Usage
		Usr 0 00:00:00, Sys 0 00:00:00  -  Run Local Usage
		Usr 0 02:00:44, Sys 0 00:00:08  -  Total Remote Usage
		Usr 0 00:00:00, Sys 0 00:00:00  -  Total Local Usage
	617  -  Run Bytes Sent By Job
	10731935  -  Run Bytes Received By Job
	617  -  Total Bytes Sent By Job
	10731935  -  Total Bytes Received By Job
	Partitionable Resources :    Usage  Request          
	   Cpus                 :                 1          
	   Disk (KB)            :    14595    14595          
	   Memory (MB)          :      144      144          
...
